{"numFailedTestSuites":0,"numFailedTests":0,"numPassedTestSuites":1,"numPassedTests":5,"numPendingTestSuites":0,"numPendingTests":0,"numRuntimeErrorTestSuites":0,"numTodoTests":0,"numTotalTestSuites":1,"numTotalTests":5,"openHandles":[],"snapshot":{"added":0,"didUpdate":false,"failure":false,"filesAdded":0,"filesRemoved":0,"filesRemovedList":[],"filesUnmatched":0,"filesUpdated":0,"matched":0,"total":0,"unchecked":0,"uncheckedKeysByFile":[],"unmatched":0,"updated":0},"startTime":1758599652385,"success":true,"testResults":[{"assertionResults":[{"ancestorTitles":["EmptyState"],"duration":24,"failing":false,"failureDetails":[],"failureMessages":[],"fullName":"EmptyState renders correctly with required props","invocations":1,"location":null,"numPassingAsserts":2,"retryReasons":[],"startAt":1758599661533,"status":"passed","title":"renders correctly with required props"},{"ancestorTitles":["EmptyState"],"duration":5,"failing":false,"failureDetails":[],"failureMessages":[],"fullName":"EmptyState renders action button when actionText is provided","invocations":1,"location":null,"numPassingAsserts":1,"retryReasons":[],"startAt":1758599661558,"status":"passed","title":"renders action button when actionText is provided"},{"ancestorTitles":["EmptyState"],"duration":5,"failing":false,"failureDetails":[],"failureMessages":[],"fullName":"EmptyState calls onAction when action button is pressed","invocations":1,"location":null,"numPassingAsserts":1,"retryReasons":[],"startAt":1758599661563,"status":"passed","title":"calls onAction when action button is pressed"},{"ancestorTitles":["EmptyState"],"duration":4,"failing":false,"failureDetails":[],"failureMessages":[],"fullName":"EmptyState navigates to actionRoute when no onAction is provided","invocations":1,"location":null,"numPassingAsserts":1,"retryReasons":[],"startAt":1758599661569,"status":"passed","title":"navigates to actionRoute when no onAction is provided"},{"ancestorTitles":["EmptyState"],"duration":4,"failing":false,"failureDetails":[],"failureMessages":[],"fullName":"EmptyState does not render action button when actionText is not provided","invocations":1,"location":null,"numPassingAsserts":1,"retryReasons":[],"startAt":1758599661574,"status":"passed","title":"does not render action button when actionText is not provided"}],"endTime":1758599661580,"message":"","name":"/Users/dan/dowhat/apps/doWhat-mobile/src/__tests__/EmptyState.test.tsx","startTime":1758599654367,"status":"passed","summary":""}],"wasInterrupted":false}
