{"numFailedTestSuites":2,"numFailedTests":0,"numPassedTestSuites":0,"numPassedTests":0,"numPendingTestSuites":0,"numPendingTests":0,"numRuntimeErrorTestSuites":2,"numTodoTests":0,"numTotalTestSuites":2,"numTotalTests":0,"openHandles":[],"snapshot":{"added":0,"didUpdate":false,"failure":false,"filesAdded":0,"filesRemoved":0,"filesRemovedList":[],"filesUnmatched":0,"filesUpdated":0,"matched":0,"total":0,"unchecked":0,"uncheckedKeysByFile":[],"unmatched":0,"updated":0},"startTime":1758601508718,"success":false,"testResults":[{"assertionResults":[],"coverage":{},"endTime":1758601570052,"message":"  \u001b[1m● \u001b[22mTest suite failed to run\n\n    ReferenceError: __DEV__ is not defined\n\n    \u001b[0m\u001b[31m\u001b[1m>\u001b[22m\u001b[39m\u001b[90m 1 |\u001b[39m \u001b[36mimport\u001b[39m \u001b[32m'@testing-library/jest-native/extend-expect'\u001b[39m\u001b[33m;\u001b[39m\n     \u001b[90m   |\u001b[39m \u001b[31m\u001b[1m^\u001b[22m\u001b[39m\n     \u001b[90m 2 |\u001b[39m \u001b[36mimport\u001b[39m { jest } \u001b[36mfrom\u001b[39m \u001b[32m'@jest/globals'\u001b[39m\u001b[33m;\u001b[39m\n     \u001b[90m 3 |\u001b[39m\n     \u001b[90m 4 |\u001b[39m \u001b[90m// Mock expo modules\u001b[39m\u001b[0m\n\n      \u001b[2mat Object.<anonymous> (\u001b[22m../../node_modules/react-native/index.js\u001b[2m:424:1)\u001b[22m\n      \u001b[2mat Object.<anonymous> (\u001b[22m../../node_modules/@testing-library/jest-native/dist/to-be-visible.js\u001b[2m:4:24)\u001b[22m\n      \u001b[2mat Object.<anonymous> (\u001b[22m../../node_modules/@testing-library/jest-native/dist/extend-expect.js\u001b[2m:6:25)\u001b[22m\n      \u001b[2mat Object.<anonymous> (\u001b[22m../../node_modules/@testing-library/jest-native/extend-expect.js\u001b[2m:1:1)\u001b[22m\n      \u001b[2mat Object.<anonymous> (\u001b[22msrc/setupTests.ts\u001b[2m:1:1)\u001b[22m\n","name":"/Users/dan/dowhat/apps/doWhat-mobile/src/__tests__/EmptyState.test.tsx","startTime":1758601570052,"status":"failed","summary":""},{"assertionResults":[],"coverage":{},"endTime":1758601570052,"message":"  \u001b[1m● \u001b[22mTest suite failed to run\n\n    ReferenceError: __DEV__ is not defined\n\n    \u001b[0m\u001b[31m\u001b[1m>\u001b[22m\u001b[39m\u001b[90m 1 |\u001b[39m \u001b[36mimport\u001b[39m \u001b[32m'@testing-library/jest-native/extend-expect'\u001b[39m\u001b[33m;\u001b[39m\n     \u001b[90m   |\u001b[39m \u001b[31m\u001b[1m^\u001b[22m\u001b[39m\n     \u001b[90m 2 |\u001b[39m \u001b[36mimport\u001b[39m { jest } \u001b[36mfrom\u001b[39m \u001b[32m'@jest/globals'\u001b[39m\u001b[33m;\u001b[39m\n     \u001b[90m 3 |\u001b[39m\n     \u001b[90m 4 |\u001b[39m \u001b[90m// Mock expo modules\u001b[39m\u001b[0m\n\n      \u001b[2mat Object.<anonymous> (\u001b[22m../../node_modules/react-native/index.js\u001b[2m:424:1)\u001b[22m\n      \u001b[2mat Object.<anonymous> (\u001b[22m../../node_modules/@testing-library/jest-native/dist/to-be-visible.js\u001b[2m:4:24)\u001b[22m\n      \u001b[2mat Object.<anonymous> (\u001b[22m../../node_modules/@testing-library/jest-native/dist/extend-expect.js\u001b[2m:6:25)\u001b[22m\n      \u001b[2mat Object.<anonymous> (\u001b[22m../../node_modules/@testing-library/jest-native/extend-expect.js\u001b[2m:1:1)\u001b[22m\n      \u001b[2mat Object.<anonymous> (\u001b[22msrc/setupTests.ts\u001b[2m:1:1)\u001b[22m\n","name":"/Users/dan/dowhat/apps/doWhat-mobile/src/__tests__/ProfileEdit.test.tsx","startTime":1758601570052,"status":"failed","summary":""}],"wasInterrupted":false}
