{"numFailedTestSuites":0,"numFailedTests":0,"numPassedTestSuites":11,"numPassedTests":20,"numPendingTestSuites":0,"numPendingTests":0,"numRuntimeErrorTestSuites":0,"numTodoTests":0,"numTotalTestSuites":11,"numTotalTests":20,"openHandles":[],"snapshot":{"added":0,"didUpdate":false,"failure":false,"filesAdded":0,"filesRemoved":0,"filesRemovedList":[],"filesUnmatched":0,"filesUpdated":0,"matched":0,"total":0,"unchecked":0,"uncheckedKeysByFile":[],"unmatched":0,"updated":0},"startTime":1758605900758,"success":true,"testResults":[{"assertionResults":[{"ancestorTitles":["endorsement flow logic (mocked)"],"duration":11,"failing":false,"failureDetails":[],"failureMessages":[],"fullName":"endorsement flow logic (mocked) increments endorsements and reports verification when threshold met","invocations":1,"location":null,"numPassingAsserts":3,"retryReasons":[],"startAt":1758605908553,"status":"passed","title":"increments endorsements and reports verification when threshold met"}],"endTime":1758605908566,"message":"","name":"/Users/dan/dowhat/apps/doWhat-web/src/lib/__tests__/endorseFlow.test.ts","startTime":1758605905935,"status":"passed","summary":""},{"assertionResults":[{"ancestorTitles":["traits math helpers"],"duration":28,"failing":false,"failureDetails":[],"failureMessages":[],"fullName":"traits math helpers zscores length matches and mean approximates 0","invocations":1,"location":null,"numPassingAsserts":2,"retryReasons":[],"startAt":1758605908951,"status":"passed","title":"zscores length matches and mean approximates 0"},{"ancestorTitles":["traits math helpers"],"duration":3,"failing":false,"failureDetails":[],"failureMessages":[],"fullName":"traits math helpers zToScore maps 0 to ~50 and positive larger","invocations":1,"location":null,"numPassingAsserts":3,"retryReasons":[],"startAt":1758605908981,"status":"passed","title":"zToScore maps 0 to ~50 and positive larger"}],"endTime":1758605908986,"message":"","name":"/Users/dan/dowhat/apps/doWhat-web/src/lib/__tests__/traitsMath.test.ts","startTime":1758605906263,"status":"passed","summary":""},{"assertionResults":[{"ancestorTitles":["endorse endpoint handler"],"duration":21,"failing":false,"failureDetails":[],"failureMessages":[],"fullName":"endorse endpoint handler endorses and stays unverified below threshold","invocations":1,"location":null,"numPassingAsserts":2,"retryReasons":[],"startAt":1758605909036,"status":"passed","title":"endorses and stays unverified below threshold"},{"ancestorTitles":["endorse endpoint handler"],"duration":13,"failing":false,"failureDetails":[],"failureMessages":[],"fullName":"endorse endpoint handler verifies when endorsements >= threshold (different endorsers)","invocations":1,"location":null,"numPassingAsserts":1,"retryReasons":[],"startAt":1758605909058,"status":"passed","title":"verifies when endorsements >= threshold (different endorsers)"},{"ancestorTitles":["endorse endpoint handler"],"duration":1,"failing":false,"failureDetails":[],"failureMessages":[],"fullName":"endorse endpoint handler rejects self endorsement","invocations":1,"location":null,"numPassingAsserts":1,"retryReasons":[],"startAt":1758605909071,"status":"passed","title":"rejects self endorsement"}],"endTime":1758605909075,"message":"","name":"/Users/dan/dowhat/apps/doWhat-web/src/lib/__tests__/endorseEndpoint.test.ts","startTime":1758605906276,"status":"passed","summary":""},{"assertionResults":[{"ancestorTitles":["verifyByEndorsements"],"duration":57,"failing":false,"failureDetails":[],"failureMessages":[],"fullName":"verifyByEndorsements returns false when below threshold","invocations":1,"location":null,"numPassingAsserts":1,"retryReasons":[],"startAt":1758605909146,"status":"passed","title":"returns false when below threshold"},{"ancestorTitles":["verifyByEndorsements"],"duration":7,"failing":false,"failureDetails":[],"failureMessages":[],"fullName":"verifyByEndorsements returns true and updates when threshold met","invocations":1,"location":null,"numPassingAsserts":3,"retryReasons":[],"startAt":1758605909204,"status":"passed","title":"returns true and updates when threshold met"}],"endTime":1758605909213,"message":"","name":"/Users/dan/dowhat/apps/doWhat-web/src/lib/__tests__/badgeVerifyByEndorsements.test.ts","startTime":1758605906213,"status":"passed","summary":""},{"assertionResults":[{"ancestorTitles":["computeReliabilityIndex"],"duration":3,"failing":false,"failureDetails":[],"failureMessages":[],"fullName":"computeReliabilityIndex high attendance no reviews -> score ~ high attendance, confidence mid","invocations":1,"location":null,"numPassingAsserts":2,"retryReasons":[],"startAt":1758605909708,"status":"passed","title":"high attendance no reviews -> score ~ high attendance, confidence mid"},{"ancestorTitles":["computeReliabilityIndex"],"duration":1,"failing":false,"failureDetails":[],"failureMessages":[],"fullName":"computeReliabilityIndex penalizes no-shows heavily","invocations":1,"location":null,"numPassingAsserts":1,"retryReasons":[],"startAt":1758605909712,"status":"passed","title":"penalizes no-shows heavily"}],"endTime":1758605909715,"message":"","name":"/Users/dan/dowhat/apps/doWhat-web/src/lib/__tests__/reliability.test.ts","startTime":1758605908621,"status":"passed","summary":""},{"assertionResults":[{"ancestorTitles":["recomputeUserTraits (mocked)"],"duration":3,"failing":false,"failureDetails":[],"failureMessages":[],"fullName":"recomputeUserTraits (mocked) no events -> no throw","invocations":1,"location":null,"numPassingAsserts":1,"retryReasons":[],"startAt":1758605909876,"status":"passed","title":"no events -> no throw"}],"endTime":1758605909879,"message":"","name":"/Users/dan/dowhat/apps/doWhat-web/src/lib/__tests__/traitsRecompute.test.ts","startTime":1758605909112,"status":"passed","summary":""},{"assertionResults":[{"ancestorTitles":["mergeCatalogWithOwned"],"duration":2,"failing":false,"failureDetails":[],"failureMessages":[],"fullName":"mergeCatalogWithOwned marks unowned as locked","invocations":1,"location":null,"numPassingAsserts":3,"retryReasons":[],"startAt":1758605909929,"status":"passed","title":"marks unowned as locked"}],"endTime":1758605909933,"message":"","name":"/Users/dan/dowhat/apps/doWhat-web/src/__tests__/badgesMerge.test.ts","startTime":1758605909155,"status":"passed","summary":""},{"assertionResults":[{"ancestorTitles":["mergeCatalogWithOwned"],"duration":3,"failing":false,"failureDetails":[],"failureMessages":[],"fullName":"mergeCatalogWithOwned marks unowned as locked","invocations":1,"location":null,"numPassingAsserts":3,"retryReasons":[],"startAt":1758605910037,"status":"passed","title":"marks unowned as locked"}],"endTime":1758605910041,"message":"","name":"/Users/dan/dowhat/apps/doWhat-web/src/lib/__tests__/badgesMerge.test.ts","startTime":1758605909389,"status":"passed","summary":""},{"assertionResults":[{"ancestorTitles":["SignInButton"],"duration":100,"failing":false,"failureDetails":[],"failureMessages":[],"fullName":"SignInButton renders correctly","invocations":1,"location":null,"numPassingAsserts":1,"retryReasons":[],"startAt":1758605910112,"status":"passed","title":"renders correctly"},{"ancestorTitles":["SignInButton"],"duration":34,"failing":false,"failureDetails":[],"failureMessages":[],"fullName":"SignInButton calls signInWithOAuth when clicked","invocations":1,"location":null,"numPassingAsserts":1,"retryReasons":[],"startAt":1758605910222,"status":"passed","title":"calls signInWithOAuth when clicked"}],"endTime":1758605910263,"message":"","name":"/Users/dan/dowhat/apps/doWhat-web/src/__tests__/SignInButton.test.tsx","startTime":1758605906261,"status":"passed","summary":""},{"assertionResults":[{"ancestorTitles":["ProfilePage integration basic edit"],"duration":425,"failing":false,"failureDetails":[],"failureMessages":[],"fullName":"ProfilePage integration basic edit loads profile and saves new name + socials through update API","invocations":1,"location":null,"numPassingAsserts":3,"retryReasons":[],"startAt":1758605910109,"status":"passed","title":"loads profile and saves new name + socials through update API"}],"endTime":1758605910537,"message":"","name":"/Users/dan/dowhat/apps/doWhat-web/src/__tests__/ProfilePage.integration.test.tsx","startTime":1758605906311,"status":"passed","summary":""},{"assertionResults":[{"ancestorTitles":["ProfileHeader editing"],"duration":252,"failing":false,"failureDetails":[],"failureMessages":[],"fullName":"ProfileHeader editing opens edit modal and saves new name","invocations":1,"location":null,"numPassingAsserts":3,"retryReasons":[],"startAt":1758605910142,"status":"passed","title":"opens edit modal and saves new name"},{"ancestorTitles":["ProfileHeader editing"],"duration":40,"failing":false,"failureDetails":[],"failureMessages":[],"fullName":"ProfileHeader editing uploads avatar and calls onProfileUpdated with avatarUrl","invocations":1,"location":null,"numPassingAsserts":2,"retryReasons":[],"startAt":1758605910395,"status":"passed","title":"uploads avatar and calls onProfileUpdated with avatarUrl"},{"ancestorTitles":["ProfileHeader editing"],"duration":43,"failing":false,"failureDetails":[],"failureMessages":[],"fullName":"ProfileHeader editing edits instagram & whatsapp and saves","invocations":1,"location":null,"numPassingAsserts":1,"retryReasons":[],"startAt":1758605910436,"status":"passed","title":"edits instagram & whatsapp and saves"},{"ancestorTitles":["ProfileHeader editing"],"duration":170,"failing":false,"failureDetails":[],"failureMessages":[],"fullName":"ProfileHeader editing shows error message if upload fails (error banner visible only in edit modal)","invocations":1,"location":null,"numPassingAsserts":1,"retryReasons":[],"startAt":1758605910480,"status":"passed","title":"shows error message if upload fails (error banner visible only in edit modal)"}],"endTime":1758605910653,"message":"","name":"/Users/dan/dowhat/apps/doWhat-web/src/__tests__/ProfileHeader.edit.test.tsx","startTime":1758605906064,"status":"passed","summary":""}],"wasInterrupted":false}
